<?xml version="1.0" encoding="UTF-8"?>
<testsuite xmlns:xsi="http://www.w3.org/2001/XMLSchema-instance" xsi:schemaLocation="https://maven.apache.org/surefire/maven-surefire-plugin/xsd/surefire-test-report.xsd" name="TestSuite" time="286.104" tests="1" errors="0" skipped="0" failures="1">
  <properties>
    <property name="java.runtime.name" value="Java(TM) SE Runtime Environment"/>
    <property name="sun.boot.library.path" value="C:\Program Files\Java\jre1.8.0_161\bin"/>
    <property name="java.vm.version" value="25.161-b12"/>
    <property name="java.vm.vendor" value="Oracle Corporation"/>
    <property name="maven.multiModuleProjectDirectory" value="F:\eclipse-workspace\ProjectVipul\projectvp"/>
    <property name="java.vendor.url" value="http://java.oracle.com/"/>
    <property name="path.separator" value=";"/>
    <property name="guice.disable.misplaced.annotation.check" value="true"/>
    <property name="java.vm.name" value="Java HotSpot(TM) 64-Bit Server VM"/>
    <property name="file.encoding.pkg" value="sun.io"/>
    <property name="user.script" value=""/>
    <property name="user.country" value="IN"/>
    <property name="sun.java.launcher" value="SUN_STANDARD"/>
    <property name="sun.os.patch.level" value="Service Pack 1"/>
    <property name="java.vm.specification.name" value="Java Virtual Machine Specification"/>
    <property name="user.dir" value="F:\eclipse-workspace\ProjectVipul\projectvp"/>
    <property name="java.runtime.version" value="1.8.0_161-b12"/>
    <property name="java.awt.graphicsenv" value="sun.awt.Win32GraphicsEnvironment"/>
    <property name="java.endorsed.dirs" value="C:\Program Files\Java\jre1.8.0_161\lib\endorsed"/>
    <property name="os.arch" value="amd64"/>
    <property name="java.io.tmpdir" value="C:\Users\DELL\AppData\Local\Temp\"/>
    <property name="line.separator" value="&#10;"/>
    <property name="java.vm.specification.vendor" value="Oracle Corporation"/>
    <property name="user.variant" value=""/>
    <property name="os.name" value="Windows 7"/>
    <property name="classworlds.conf" value="F:\eclipse-workspace\ProjectVipul\.metadata\.plugins\org.eclipse.m2e.launching\launches\m2conf5873728133565339916.tmp"/>
    <property name="sun.jnu.encoding" value="Cp1252"/>
    <property name="java.library.path" value="C:\Program Files\Java\jre1.8.0_161\bin;C:\Windows\Sun\Java\bin;C:\Windows\system32;C:\Windows;C:\ProgramData\Oracle\Java\javapath;C:\Windows\system32;C:\Windows;C:\Windows\System32\Wbem;C:\Windows\System32\WindowsPowerShell\v1.0\;C:\Program Files (x86)\Skype\Phone\;C:\Program Files\Java\jdk1.8.0\bin;E:\Git\cmd;F:\apache-maven-3.5.4\bin;C:\Users\DELL\AppData\Local\GitHubDesktop\bin;."/>
    <property name="java.specification.name" value="Java Platform API Specification"/>
    <property name="java.class.version" value="52.0"/>
    <property name="sun.management.compiler" value="HotSpot 64-Bit Tiered Compilers"/>
    <property name="os.version" value="6.1"/>
    <property name="user.home" value="C:\Users\DELL"/>
    <property name="user.timezone" value="Asia/Calcutta"/>
    <property name="java.awt.printerjob" value="sun.awt.windows.WPrinterJob"/>
    <property name="java.specification.version" value="1.8"/>
    <property name="file.encoding" value="Cp1252"/>
    <property name="user.name" value="DELL"/>
    <property name="java.class.path" value="/C:/Users/DELL/Desktop/eclipse/plugins/org.eclipse.m2e.maven.runtime_1.6.2.20150902-0001/jars/plexus-classworlds-2.5.2.jar"/>
    <property name="java.vm.specification.version" value="1.8"/>
    <property name="sun.arch.data.model" value="64"/>
    <property name="java.home" value="C:\Program Files\Java\jre1.8.0_161"/>
    <property name="sun.java.command" value="org.codehaus.plexus.classworlds.launcher.Launcher -B test"/>
    <property name="java.specification.vendor" value="Oracle Corporation"/>
    <property name="user.language" value="en"/>
    <property name="awt.toolkit" value="sun.awt.windows.WToolkit"/>
    <property name="java.vm.info" value="mixed mode"/>
    <property name="java.version" value="1.8.0_161"/>
    <property name="java.ext.dirs" value="C:\Program Files\Java\jre1.8.0_161\lib\ext;C:\Windows\Sun\Java\lib\ext"/>
    <property name="sun.boot.class.path" value="C:\Program Files\Java\jre1.8.0_161\lib\resources.jar;C:\Program Files\Java\jre1.8.0_161\lib\rt.jar;C:\Program Files\Java\jre1.8.0_161\lib\sunrsasign.jar;C:\Program Files\Java\jre1.8.0_161\lib\jsse.jar;C:\Program Files\Java\jre1.8.0_161\lib\jce.jar;C:\Program Files\Java\jre1.8.0_161\lib\charsets.jar;C:\Program Files\Java\jre1.8.0_161\lib\jfr.jar;C:\Program Files\Java\jre1.8.0_161\classes"/>
    <property name="java.vendor" value="Oracle Corporation"/>
    <property name="maven.home" value="F:\eclipse-workspace\ProjectVipul\projectvp\EMBEDDED"/>
    <property name="file.separator" value="\"/>
    <property name="java.vendor.url.bug" value="http://bugreport.sun.com/bugreport/"/>
    <property name="sun.cpu.endian" value="little"/>
    <property name="sun.io.unicode.encoding" value="UnicodeLittle"/>
    <property name="sun.desktop" value="windows"/>
    <property name="sun.cpu.isalist" value="amd64"/>
  </properties>
  <testcase name="addproducttocartandcheckout" classname="com.index.GeneralIndex" time="195.865">
    <failure message="expected [true] but found [false]" type="java.lang.AssertionError">java.lang.AssertionError: expected [true] but found [false]
	at com.index.GeneralIndex.addproducttocartandcheckout(GeneralIndex.java:780)
</failure>
    <system-out><![CDATA[[TestNG] [WARN] Could not find reporte class : listenReport.Reporter
...
... TestNG 6.8.9beta by CÃ©dric Beust (cedric@beust.com)
...

======Abstract Page======
======Abstract Page======
TestData URL ::  https://www.threadsandshirts.com/
Current Window Handle ID : --->>CDwindow-2B8E89F15E092B3EE3065F1769AF022B
Current Xml Suite is:---->Demo Frame Work- Test Suite 1
To verify that user is able to add the product into the cart and do checkout with all valid fields 
--------------------------------------------------------------------------
Step 1. open : https://www.threadsandshirts.com/
--> home page is opened <--
Step 2. Mouse hover over shop menu
--> mouse hover on shop menu <--
======Abstract Page======
Step 3. Click on accessories
--> click on accessories link <--
======Abstract Page======
Step 4. Click on Product
--> Click on the product <--
======Abstract Page======
Step 5. Click on Add to cart button
--> Click on Add To Cart button <--
======Abstract Page======
Step 6. Click on continues shopping button
--> click on : Continue shopping <--
======Abstract Page======
Step 7. Click on Add to cart button Again
--> Click on Add To Cart button <--
======Abstract Page======
Step 8. Click on CheckOut button
--> click on : Checkout <--
======Abstract Page======
Step 9. Enter Promotion Code
--> Enter Promotion Code : BESTDAD15 <--
======Abstract Page======
Step 10. Click on Apply button
--> Click on Apply Button <--
======Abstract Page======
Step 11. Close the warning message
--> Warning Message closed <--
======Abstract Page======
Step 12. Click on checkout as guest
--> Click on checkout as guest user <--
======Abstract Page======
Step 13. Click on checkoutasguest button
--> Click on checkout as guest user button <--
======Abstract Page======
Step 14. Enter First Name
Call getURL.......
full path F:\eclipse-workspace\ProjectVipul\projectvp\resources\Workbook.xlsx con F:\eclipse-workspace\ProjectVipul\projectvp\resources\Workbook.xlsx
Call getURL.......
full path F:\eclipse-workspace\ProjectVipul\projectvp\resources\Workbook.xlsx con F:\eclipse-workspace\ProjectVipul\projectvp\resources\Workbook.xlsx
--> Enter First Name : xzyabc <--
======Abstract Page======
Step 15. Enter Last Name
Call getURL.......
full path F:\eclipse-workspace\ProjectVipul\projectvp\resources\Workbook.xlsx con F:\eclipse-workspace\ProjectVipul\projectvp\resources\Workbook.xlsx
Call getURL.......
full path F:\eclipse-workspace\ProjectVipul\projectvp\resources\Workbook.xlsx con F:\eclipse-workspace\ProjectVipul\projectvp\resources\Workbook.xlsx
--> Enter Last Name : pqr <--
======Abstract Page======
Step 16. Enter Email Address
Call getURL.......
full path F:\eclipse-workspace\ProjectVipul\projectvp\resources\Workbook.xlsx con F:\eclipse-workspace\ProjectVipul\projectvp\resources\Workbook.xlsx
Call getURL.......
full path F:\eclipse-workspace\ProjectVipul\projectvp\resources\Workbook.xlsx con F:\eclipse-workspace\ProjectVipul\projectvp\resources\Workbook.xlsx
--> Enter Email Address :pqr@gmail.com <--
======Abstract Page======
Step 17. Enter Phone Number
Call getURL.......
full path F:\eclipse-workspace\ProjectVipul\projectvp\resources\Workbook.xlsx con F:\eclipse-workspace\ProjectVipul\projectvp\resources\Workbook.xlsx
full path F:\eclipse-workspace\ProjectVipul\projectvp\resources\Workbook.xlsx con F:\eclipse-workspace\ProjectVipul\projectvp\resources\Workbook.xlsx
Call getURL.......
full path F:\eclipse-workspace\ProjectVipul\projectvp\resources\Workbook.xlsx con F:\eclipse-workspace\ProjectVipul\projectvp\resources\Workbook.xlsx
full path F:\eclipse-workspace\ProjectVipul\projectvp\resources\Workbook.xlsx con F:\eclipse-workspace\ProjectVipul\projectvp\resources\Workbook.xlsx
--> Enter Phone Number :1234567890 <---
======Abstract Page======
Step 18. Enter Address
Call getURL.......
full path F:\eclipse-workspace\ProjectVipul\projectvp\resources\Workbook.xlsx con F:\eclipse-workspace\ProjectVipul\projectvp\resources\Workbook.xlsx
Call getURL.......
full path F:\eclipse-workspace\ProjectVipul\projectvp\resources\Workbook.xlsx con F:\eclipse-workspace\ProjectVipul\projectvp\resources\Workbook.xlsx
--> Enter Address :10, ABC Street , India <---
======Abstract Page======
Step 19. Enter City
Call getURL.......
full path F:\eclipse-workspace\ProjectVipul\projectvp\resources\Workbook.xlsx con F:\eclipse-workspace\ProjectVipul\projectvp\resources\Workbook.xlsx
Call getURL.......
full path F:\eclipse-workspace\ProjectVipul\projectvp\resources\Workbook.xlsx con F:\eclipse-workspace\ProjectVipul\projectvp\resources\Workbook.xlsx
--> Enter City :mumbai <---
======Abstract Page======
Step 20. Select the Country
Call getURL.......
full path F:\eclipse-workspace\ProjectVipul\projectvp\resources\Workbook.xlsx con F:\eclipse-workspace\ProjectVipul\projectvp\resources\Workbook.xlsx
Call getURL.......
full path F:\eclipse-workspace\ProjectVipul\projectvp\resources\Workbook.xlsx con F:\eclipse-workspace\ProjectVipul\projectvp\resources\Workbook.xlsx
--> Select Country :India <---
======Abstract Page======
Step 21. Enter State
Call getURL.......
full path F:\eclipse-workspace\ProjectVipul\projectvp\resources\Workbook.xlsx con F:\eclipse-workspace\ProjectVipul\projectvp\resources\Workbook.xlsx
Call getURL.......
full path F:\eclipse-workspace\ProjectVipul\projectvp\resources\Workbook.xlsx con F:\eclipse-workspace\ProjectVipul\projectvp\resources\Workbook.xlsx
--> Enter State :Maharastra <---
======Abstract Page======
Step 22. Enter Postal Code
Call getURL.......
full path F:\eclipse-workspace\ProjectVipul\projectvp\resources\Workbook.xlsx con F:\eclipse-workspace\ProjectVipul\projectvp\resources\Workbook.xlsx
full path F:\eclipse-workspace\ProjectVipul\projectvp\resources\Workbook.xlsx con F:\eclipse-workspace\ProjectVipul\projectvp\resources\Workbook.xlsx
Call getURL.......
full path F:\eclipse-workspace\ProjectVipul\projectvp\resources\Workbook.xlsx con F:\eclipse-workspace\ProjectVipul\projectvp\resources\Workbook.xlsx
full path F:\eclipse-workspace\ProjectVipul\projectvp\resources\Workbook.xlsx con F:\eclipse-workspace\ProjectVipul\projectvp\resources\Workbook.xlsx
--> Enter Postal Code :256298 <---
======Abstract Page======
Step 23. Shipping Address is same as Billing Address
--> Shipping address is same as billing address <---
======Abstract Page======
Step 24. Click on continue Button
--> Click on Continue Button <---
======Abstract Page======
Step 25. Click on continue Button of Shipping Options
--> Click on Continue Button <---
======Abstract Page======
Step 26. Click on Cash On Delivery Options
--> Click on Cash On Delivery Option <---
======Abstract Page======
Step 27. Click on Submit My Order Button
--> Click on Submit My Order button <---
======Abstract Page======
Congratulations! Your order has been successfully placed. Order details.
Order is NOT placed successfully
Fail
<br><Strong><font color=#FF0000>Fail</font></strong></br>
]]></system-out>
    <system-err><![CDATA[Aug 22, 2018 5:08:11 PM org.openqa.selenium.remote.DesiredCapabilities chrome
INFO: Using `new ChromeOptions()` is preferred to `DesiredCapabilities.chrome()`
Starting ChromeDriver 2.40.565498 (ea082db3280dd6843ebfb08a625e3eb905c4f5ab) on port 35077
Only local connections are allowed.
Aug 22, 2018 5:08:14 PM org.openqa.selenium.remote.ProtocolHandshake createSession
INFO: Detected dialect: OSS
]]></system-err>
  </testcase>
</testsuite>