<?xml version="1.0" encoding="UTF-8"?>
<!-- Generated by org.testng.reporters.JUnitReportReporter -->
<testsuite hostname="DELL-PC" name="com.index.GeneralIndex" tests="1" failures="0" timestamp="22 Aug 2018 05:06:43 GMT" time="235.708" errors="0">
  <testcase name="addproducttocartandcheckout" time="235.708" classname="com.index.GeneralIndex"/>
</testsuite> <!-- com.index.GeneralIndex -->
